<?xml version="1.0" encoding="UTF-8"?>
<testsuite xmlns:xsi="http://www.w3.org/2001/XMLSchema-instance" xsi:noNamespaceSchemaLocation="https://maven.apache.org/surefire/maven-surefire-plugin/xsd/surefire-test-report.xsd" name="runners.TestNGRunner" time="59.89" tests="1" errors="0" skipped="0" failures="1">
  <properties>
    <property name="java.specification.version" value="23"/>
    <property name="sun.cpu.isalist" value="amd64"/>
    <property name="sun.jnu.encoding" value="Cp1252"/>
    <property name="java.class.path" value="C:\Users\ssg22\eclipse-workspace\PRTComareExcelWeb\target\test-classes;C:\Users\ssg22\eclipse-workspace\PRTComareExcelWeb\target\classes;C:\Users\ssg22\.m2\repository\io\cucumber\cucumber-java\7.0.0\cucumber-java-7.0.0.jar;C:\Users\ssg22\.m2\repository\io\cucumber\cucumber-core\7.0.0\cucumber-core-7.0.0.jar;C:\Users\ssg22\.m2\repository\io\cucumber\cucumber-gherkin\7.0.0\cucumber-gherkin-7.0.0.jar;C:\Users\ssg22\.m2\repository\io\cucumber\cucumber-gherkin-messages\7.0.0\cucumber-gherkin-messages-7.0.0.jar;C:\Users\ssg22\.m2\repository\io\cucumber\messages\17.1.1\messages-17.1.1.jar;C:\Users\ssg22\.m2\repository\io\cucumber\tag-expressions\4.0.2\tag-expressions-4.0.2.jar;C:\Users\ssg22\.m2\repository\io\cucumber\cucumber-expressions\13.0.1\cucumber-expressions-13.0.1.jar;C:\Users\ssg22\.m2\repository\io\cucumber\datatable\7.0.0\datatable-7.0.0.jar;C:\Users\ssg22\.m2\repository\io\cucumber\cucumber-plugin\7.0.0\cucumber-plugin-7.0.0.jar;C:\Users\ssg22\.m2\repository\io\cucumber\docstring\7.0.0\docstring-7.0.0.jar;C:\Users\ssg22\.m2\repository\io\cucumber\html-formatter\17.0.0\html-formatter-17.0.0.jar;C:\Users\ssg22\.m2\repository\io\cucumber\create-meta\6.0.1\create-meta-6.0.1.jar;C:\Users\ssg22\.m2\repository\org\apiguardian\apiguardian-api\1.1.2\apiguardian-api-1.1.2.jar;C:\Users\ssg22\.m2\repository\io\cucumber\cucumber-testng\7.0.0\cucumber-testng-7.0.0.jar;C:\Users\ssg22\.m2\repository\junit\junit\4.13.2\junit-4.13.2.jar;C:\Users\ssg22\.m2\repository\org\hamcrest\hamcrest-core\1.3\hamcrest-core-1.3.jar;C:\Users\ssg22\.m2\repository\io\cucumber\cucumber-junit\7.20.0\cucumber-junit-7.20.0.jar;C:\Users\ssg22\.m2\repository\org\apache\logging\log4j\log4j-core\2.24.1\log4j-core-2.24.1.jar;C:\Users\ssg22\.m2\repository\org\apache\xmlbeans\xmlbeans\5.2.1\xmlbeans-5.2.1.jar;C:\Users\ssg22\.m2\repository\net\masterthought\cucumber-reporting\5.7.0\cucumber-reporting-5.7.0.jar;C:\Users\ssg22\.m2\repository\com\fasterxml\jackson\core\jackson-databind\2.13.0\jackson-databind-2.13.0.jar;C:\Users\ssg22\.m2\repository\com\fasterxml\jackson\core\jackson-annotations\2.13.0\jackson-annotations-2.13.0.jar;C:\Users\ssg22\.m2\repository\com\fasterxml\jackson\core\jackson-core\2.13.0\jackson-core-2.13.0.jar;C:\Users\ssg22\.m2\repository\com\fasterxml\jackson\datatype\jackson-datatype-jsr310\2.13.0\jackson-datatype-jsr310-2.13.0.jar;C:\Users\ssg22\.m2\repository\org\apache\velocity\velocity-engine-core\2.3\velocity-engine-core-2.3.jar;C:\Users\ssg22\.m2\repository\commons-collections\commons-collections\3.2.2\commons-collections-3.2.2.jar;C:\Users\ssg22\.m2\repository\joda-time\joda-time\2.10.10\joda-time-2.10.10.jar;C:\Users\ssg22\.m2\repository\org\apache\commons\commons-lang3\3.12.0\commons-lang3-3.12.0.jar;C:\Users\ssg22\.m2\repository\org\codehaus\plexus\plexus-utils\3.3.0\plexus-utils-3.3.0.jar;C:\Users\ssg22\.m2\repository\org\jsoup\jsoup\1.14.2\jsoup-1.14.2.jar;C:\Users\ssg22\.m2\repository\com\google\guava\guava\30.1.1-jre\guava-30.1.1-jre.jar;C:\Users\ssg22\.m2\repository\com\google\guava\failureaccess\1.0.1\failureaccess-1.0.1.jar;C:\Users\ssg22\.m2\repository\com\google\guava\listenablefuture\9999.0-empty-to-avoid-conflict-with-guava\listenablefuture-9999.0-empty-to-avoid-conflict-with-guava.jar;C:\Users\ssg22\.m2\repository\com\google\code\findbugs\jsr305\3.0.2\jsr305-3.0.2.jar;C:\Users\ssg22\.m2\repository\org\checkerframework\checker-qual\3.8.0\checker-qual-3.8.0.jar;C:\Users\ssg22\.m2\repository\com\google\errorprone\error_prone_annotations\2.5.1\error_prone_annotations-2.5.1.jar;C:\Users\ssg22\.m2\repository\com\google\j2objc\j2objc-annotations\1.3\j2objc-annotations-1.3.jar;C:\Users\ssg22\.m2\repository\com\googlecode\owasp-java-html-sanitizer\owasp-java-html-sanitizer\20211018.2\owasp-java-html-sanitizer-20211018.2.jar;C:\Users\ssg22\.m2\repository\commons-configuration\commons-configuration\1.10\commons-configuration-1.10.jar;C:\Users\ssg22\.m2\repository\commons-lang\commons-lang\2.6\commons-lang-2.6.jar;C:\Users\ssg22\.m2\repository\commons-logging\commons-logging\1.1.1\commons-logging-1.1.1.jar;C:\Users\ssg22\.m2\repository\org\seleniumhq\selenium\selenium-java\4.25.0\selenium-java-4.25.0.jar;C:\Users\ssg22\.m2\repository\org\seleniumhq\selenium\selenium-api\4.25.0\selenium-api-4.25.0.jar;C:\Users\ssg22\.m2\repository\org\jspecify\jspecify\1.0.0\jspecify-1.0.0.jar;C:\Users\ssg22\.m2\repository\org\seleniumhq\selenium\selenium-chrome-driver\4.25.0\selenium-chrome-driver-4.25.0.jar;C:\Users\ssg22\.m2\repository\com\google\auto\service\auto-service-annotations\1.1.1\auto-service-annotations-1.1.1.jar;C:\Users\ssg22\.m2\repository\org\seleniumhq\selenium\selenium-chromium-driver\4.25.0\selenium-chromium-driver-4.25.0.jar;C:\Users\ssg22\.m2\repository\org\seleniumhq\selenium\selenium-json\4.25.0\selenium-json-4.25.0.jar;C:\Users\ssg22\.m2\repository\org\seleniumhq\selenium\selenium-manager\4.25.0\selenium-manager-4.25.0.jar;C:\Users\ssg22\.m2\repository\org\seleniumhq\selenium\selenium-devtools-v127\4.25.0\selenium-devtools-v127-4.25.0.jar;C:\Users\ssg22\.m2\repository\org\seleniumhq\selenium\selenium-devtools-v128\4.25.0\selenium-devtools-v128-4.25.0.jar;C:\Users\ssg22\.m2\repository\org\seleniumhq\selenium\selenium-devtools-v129\4.25.0\selenium-devtools-v129-4.25.0.jar;C:\Users\ssg22\.m2\repository\org\seleniumhq\selenium\selenium-devtools-v85\4.25.0\selenium-devtools-v85-4.25.0.jar;C:\Users\ssg22\.m2\repository\org\seleniumhq\selenium\selenium-edge-driver\4.25.0\selenium-edge-driver-4.25.0.jar;C:\Users\ssg22\.m2\repository\org\seleniumhq\selenium\selenium-firefox-driver\4.25.0\selenium-firefox-driver-4.25.0.jar;C:\Users\ssg22\.m2\repository\org\seleniumhq\selenium\selenium-http\4.25.0\selenium-http-4.25.0.jar;C:\Users\ssg22\.m2\repository\dev\failsafe\failsafe\3.3.2\failsafe-3.3.2.jar;C:\Users\ssg22\.m2\repository\org\seleniumhq\selenium\selenium-ie-driver\4.25.0\selenium-ie-driver-4.25.0.jar;C:\Users\ssg22\.m2\repository\org\seleniumhq\selenium\selenium-remote-driver\4.25.0\selenium-remote-driver-4.25.0.jar;C:\Users\ssg22\.m2\repository\io\opentelemetry\semconv\opentelemetry-semconv\1.25.0-alpha\opentelemetry-semconv-1.25.0-alpha.jar;C:\Users\ssg22\.m2\repository\io\opentelemetry\opentelemetry-api\1.42.1\opentelemetry-api-1.42.1.jar;C:\Users\ssg22\.m2\repository\io\opentelemetry\opentelemetry-context\1.42.1\opentelemetry-context-1.42.1.jar;C:\Users\ssg22\.m2\repository\io\opentelemetry\opentelemetry-exporter-logging\1.42.1\opentelemetry-exporter-logging-1.42.1.jar;C:\Users\ssg22\.m2\repository\io\opentelemetry\opentelemetry-sdk-common\1.42.1\opentelemetry-sdk-common-1.42.1.jar;C:\Users\ssg22\.m2\repository\io\opentelemetry\opentelemetry-sdk-extension-autoconfigure-spi\1.42.1\opentelemetry-sdk-extension-autoconfigure-spi-1.42.1.jar;C:\Users\ssg22\.m2\repository\io\opentelemetry\opentelemetry-sdk-extension-autoconfigure\1.42.1\opentelemetry-sdk-extension-autoconfigure-1.42.1.jar;C:\Users\ssg22\.m2\repository\io\opentelemetry\opentelemetry-api-incubator\1.42.1-alpha\opentelemetry-api-incubator-1.42.1-alpha.jar;C:\Users\ssg22\.m2\repository\io\opentelemetry\opentelemetry-sdk-trace\1.42.1\opentelemetry-sdk-trace-1.42.1.jar;C:\Users\ssg22\.m2\repository\io\opentelemetry\opentelemetry-sdk\1.42.1\opentelemetry-sdk-1.42.1.jar;C:\Users\ssg22\.m2\repository\io\opentelemetry\opentelemetry-sdk-metrics\1.42.1\opentelemetry-sdk-metrics-1.42.1.jar;C:\Users\ssg22\.m2\repository\io\opentelemetry\opentelemetry-sdk-logs\1.42.1\opentelemetry-sdk-logs-1.42.1.jar;C:\Users\ssg22\.m2\repository\net\bytebuddy\byte-buddy\1.15.1\byte-buddy-1.15.1.jar;C:\Users\ssg22\.m2\repository\org\seleniumhq\selenium\selenium-os\4.25.0\selenium-os-4.25.0.jar;C:\Users\ssg22\.m2\repository\org\apache\commons\commons-exec\1.4.0\commons-exec-1.4.0.jar;C:\Users\ssg22\.m2\repository\org\seleniumhq\selenium\selenium-safari-driver\4.25.0\selenium-safari-driver-4.25.0.jar;C:\Users\ssg22\.m2\repository\org\seleniumhq\selenium\selenium-support\4.25.0\selenium-support-4.25.0.jar;C:\Users\ssg22\.m2\repository\net\masterthought\maven-cucumber-reporting\5.8.2\maven-cucumber-reporting-5.8.2.jar;C:\Users\ssg22\.m2\repository\org\apache\commons\commons-collections4\4.4\commons-collections4-4.4.jar;C:\Users\ssg22\.m2\repository\org\apache\poi\poi\5.3.0\poi-5.3.0.jar;C:\Users\ssg22\.m2\repository\commons-codec\commons-codec\1.17.0\commons-codec-1.17.0.jar;C:\Users\ssg22\.m2\repository\org\apache\commons\commons-math3\3.6.1\commons-math3-3.6.1.jar;C:\Users\ssg22\.m2\repository\com\zaxxer\SparseBitSet\1.3\SparseBitSet-1.3.jar;C:\Users\ssg22\.m2\repository\org\apache\poi\poi-ooxml\5.3.0\poi-ooxml-5.3.0.jar;C:\Users\ssg22\.m2\repository\org\apache\commons\commons-compress\1.26.2\commons-compress-1.26.2.jar;C:\Users\ssg22\.m2\repository\com\github\virtuald\curvesapi\1.08\curvesapi-1.08.jar;C:\Users\ssg22\.m2\repository\org\apache\poi\poi-ooxml-lite\5.3.0\poi-ooxml-lite-5.3.0.jar;C:\Users\ssg22\.m2\repository\org\apache\logging\log4j\log4j-api\2.24.1\log4j-api-2.24.1.jar;C:\Users\ssg22\.m2\repository\org\webjars\npm\selenium-webdriver\4.10.0\selenium-webdriver-4.10.0.jar;C:\Users\ssg22\.m2\repository\org\webjars\npm\jszip\3.10.1\jszip-3.10.1.jar;C:\Users\ssg22\.m2\repository\org\webjars\npm\lie\3.3.0\lie-3.3.0.jar;C:\Users\ssg22\.m2\repository\org\webjars\npm\immediate\3.0.6\immediate-3.0.6.jar;C:\Users\ssg22\.m2\repository\org\webjars\npm\pako\1.0.11\pako-1.0.11.jar;C:\Users\ssg22\.m2\repository\org\webjars\npm\readable-stream\2.3.8\readable-stream-2.3.8.jar;C:\Users\ssg22\.m2\repository\org\webjars\npm\inherits\2.0.4\inherits-2.0.4.jar;C:\Users\ssg22\.m2\repository\org\webjars\npm\core-util-is\1.0.3\core-util-is-1.0.3.jar;C:\Users\ssg22\.m2\repository\org\webjars\npm\safe-buffer\5.1.2\safe-buffer-5.1.2.jar;C:\Users\ssg22\.m2\repository\org\webjars\npm\util-deprecate\1.0.2\util-deprecate-1.0.2.jar;C:\Users\ssg22\.m2\repository\org\webjars\npm\isarray\1.0.0\isarray-1.0.0.jar;C:\Users\ssg22\.m2\repository\org\webjars\npm\string_decoder\1.1.1\string_decoder-1.1.1.jar;C:\Users\ssg22\.m2\repository\org\webjars\npm\process-nextick-args\2.0.1\process-nextick-args-2.0.1.jar;C:\Users\ssg22\.m2\repository\org\webjars\npm\setimmediate\1.0.5\setimmediate-1.0.5.jar;C:\Users\ssg22\.m2\repository\org\webjars\npm\tmp\0.2.3\tmp-0.2.3.jar;C:\Users\ssg22\.m2\repository\org\webjars\npm\ws\8.18.0\ws-8.18.0.jar;C:\Users\ssg22\.m2\repository\commons-io\commons-io\2.17.0\commons-io-2.17.0.jar;C:\Users\ssg22\.m2\repository\org\testng\testng\7.10.2\testng-7.10.2.jar;C:\Users\ssg22\.m2\repository\org\slf4j\slf4j-api\1.7.36\slf4j-api-1.7.36.jar;C:\Users\ssg22\.m2\repository\com\beust\jcommander\1.82\jcommander-1.82.jar;C:\Users\ssg22\.m2\repository\org\webjars\jquery\3.7.1\jquery-3.7.1.jar;C:\Users\ssg22\.m2\repository\org\apache\maven\surefire\surefire-testng-utils\2.22.0\surefire-testng-utils-2.22.0.jar;C:\Users\ssg22\.m2\repository\org\apache\maven\surefire\surefire-grouper\2.22.0\surefire-grouper-2.22.0.jar;"/>
    <property name="java.vm.vendor" value="Oracle Corporation"/>
    <property name="sun.arch.data.model" value="64"/>
    <property name="user.variant" value=""/>
    <property name="java.vendor.url" value="https://java.oracle.com/"/>
    <property name="user.timezone" value="America/Edmonton"/>
    <property name="os.name" value="Windows 11"/>
    <property name="java.vm.specification.version" value="23"/>
    <property name="sun.java.launcher" value="SUN_STANDARD"/>
    <property name="user.country" value="CA"/>
    <property name="sun.boot.library.path" value="C:\Program Files\Java\jdk-23\bin"/>
    <property name="sun.java.command" value="C:\Users\ssg22\AppData\Local\Temp\surefire1531325479155126497\surefirebooter7223982694948792581.jar C:\Users\ssg22\AppData\Local\Temp\surefire1531325479155126497 2024-10-14T08-50-20_322-jvmRun1 surefire8355345617730333391tmp surefire_03864619295769384571tmp"/>
    <property name="jdk.debug" value="release"/>
    <property name="surefire.test.class.path" value="C:\Users\ssg22\eclipse-workspace\PRTComareExcelWeb\target\test-classes;C:\Users\ssg22\eclipse-workspace\PRTComareExcelWeb\target\classes;C:\Users\ssg22\.m2\repository\io\cucumber\cucumber-java\7.0.0\cucumber-java-7.0.0.jar;C:\Users\ssg22\.m2\repository\io\cucumber\cucumber-core\7.0.0\cucumber-core-7.0.0.jar;C:\Users\ssg22\.m2\repository\io\cucumber\cucumber-gherkin\7.0.0\cucumber-gherkin-7.0.0.jar;C:\Users\ssg22\.m2\repository\io\cucumber\cucumber-gherkin-messages\7.0.0\cucumber-gherkin-messages-7.0.0.jar;C:\Users\ssg22\.m2\repository\io\cucumber\messages\17.1.1\messages-17.1.1.jar;C:\Users\ssg22\.m2\repository\io\cucumber\tag-expressions\4.0.2\tag-expressions-4.0.2.jar;C:\Users\ssg22\.m2\repository\io\cucumber\cucumber-expressions\13.0.1\cucumber-expressions-13.0.1.jar;C:\Users\ssg22\.m2\repository\io\cucumber\datatable\7.0.0\datatable-7.0.0.jar;C:\Users\ssg22\.m2\repository\io\cucumber\cucumber-plugin\7.0.0\cucumber-plugin-7.0.0.jar;C:\Users\ssg22\.m2\repository\io\cucumber\docstring\7.0.0\docstring-7.0.0.jar;C:\Users\ssg22\.m2\repository\io\cucumber\html-formatter\17.0.0\html-formatter-17.0.0.jar;C:\Users\ssg22\.m2\repository\io\cucumber\create-meta\6.0.1\create-meta-6.0.1.jar;C:\Users\ssg22\.m2\repository\org\apiguardian\apiguardian-api\1.1.2\apiguardian-api-1.1.2.jar;C:\Users\ssg22\.m2\repository\io\cucumber\cucumber-testng\7.0.0\cucumber-testng-7.0.0.jar;C:\Users\ssg22\.m2\repository\junit\junit\4.13.2\junit-4.13.2.jar;C:\Users\ssg22\.m2\repository\org\hamcrest\hamcrest-core\1.3\hamcrest-core-1.3.jar;C:\Users\ssg22\.m2\repository\io\cucumber\cucumber-junit\7.20.0\cucumber-junit-7.20.0.jar;C:\Users\ssg22\.m2\repository\org\apache\logging\log4j\log4j-core\2.24.1\log4j-core-2.24.1.jar;C:\Users\ssg22\.m2\repository\org\apache\xmlbeans\xmlbeans\5.2.1\xmlbeans-5.2.1.jar;C:\Users\ssg22\.m2\repository\net\masterthought\cucumber-reporting\5.7.0\cucumber-reporting-5.7.0.jar;C:\Users\ssg22\.m2\repository\com\fasterxml\jackson\core\jackson-databind\2.13.0\jackson-databind-2.13.0.jar;C:\Users\ssg22\.m2\repository\com\fasterxml\jackson\core\jackson-annotations\2.13.0\jackson-annotations-2.13.0.jar;C:\Users\ssg22\.m2\repository\com\fasterxml\jackson\core\jackson-core\2.13.0\jackson-core-2.13.0.jar;C:\Users\ssg22\.m2\repository\com\fasterxml\jackson\datatype\jackson-datatype-jsr310\2.13.0\jackson-datatype-jsr310-2.13.0.jar;C:\Users\ssg22\.m2\repository\org\apache\velocity\velocity-engine-core\2.3\velocity-engine-core-2.3.jar;C:\Users\ssg22\.m2\repository\commons-collections\commons-collections\3.2.2\commons-collections-3.2.2.jar;C:\Users\ssg22\.m2\repository\joda-time\joda-time\2.10.10\joda-time-2.10.10.jar;C:\Users\ssg22\.m2\repository\org\apache\commons\commons-lang3\3.12.0\commons-lang3-3.12.0.jar;C:\Users\ssg22\.m2\repository\org\codehaus\plexus\plexus-utils\3.3.0\plexus-utils-3.3.0.jar;C:\Users\ssg22\.m2\repository\org\jsoup\jsoup\1.14.2\jsoup-1.14.2.jar;C:\Users\ssg22\.m2\repository\com\google\guava\guava\30.1.1-jre\guava-30.1.1-jre.jar;C:\Users\ssg22\.m2\repository\com\google\guava\failureaccess\1.0.1\failureaccess-1.0.1.jar;C:\Users\ssg22\.m2\repository\com\google\guava\listenablefuture\9999.0-empty-to-avoid-conflict-with-guava\listenablefuture-9999.0-empty-to-avoid-conflict-with-guava.jar;C:\Users\ssg22\.m2\repository\com\google\code\findbugs\jsr305\3.0.2\jsr305-3.0.2.jar;C:\Users\ssg22\.m2\repository\org\checkerframework\checker-qual\3.8.0\checker-qual-3.8.0.jar;C:\Users\ssg22\.m2\repository\com\google\errorprone\error_prone_annotations\2.5.1\error_prone_annotations-2.5.1.jar;C:\Users\ssg22\.m2\repository\com\google\j2objc\j2objc-annotations\1.3\j2objc-annotations-1.3.jar;C:\Users\ssg22\.m2\repository\com\googlecode\owasp-java-html-sanitizer\owasp-java-html-sanitizer\20211018.2\owasp-java-html-sanitizer-20211018.2.jar;C:\Users\ssg22\.m2\repository\commons-configuration\commons-configuration\1.10\commons-configuration-1.10.jar;C:\Users\ssg22\.m2\repository\commons-lang\commons-lang\2.6\commons-lang-2.6.jar;C:\Users\ssg22\.m2\repository\commons-logging\commons-logging\1.1.1\commons-logging-1.1.1.jar;C:\Users\ssg22\.m2\repository\org\seleniumhq\selenium\selenium-java\4.25.0\selenium-java-4.25.0.jar;C:\Users\ssg22\.m2\repository\org\seleniumhq\selenium\selenium-api\4.25.0\selenium-api-4.25.0.jar;C:\Users\ssg22\.m2\repository\org\jspecify\jspecify\1.0.0\jspecify-1.0.0.jar;C:\Users\ssg22\.m2\repository\org\seleniumhq\selenium\selenium-chrome-driver\4.25.0\selenium-chrome-driver-4.25.0.jar;C:\Users\ssg22\.m2\repository\com\google\auto\service\auto-service-annotations\1.1.1\auto-service-annotations-1.1.1.jar;C:\Users\ssg22\.m2\repository\org\seleniumhq\selenium\selenium-chromium-driver\4.25.0\selenium-chromium-driver-4.25.0.jar;C:\Users\ssg22\.m2\repository\org\seleniumhq\selenium\selenium-json\4.25.0\selenium-json-4.25.0.jar;C:\Users\ssg22\.m2\repository\org\seleniumhq\selenium\selenium-manager\4.25.0\selenium-manager-4.25.0.jar;C:\Users\ssg22\.m2\repository\org\seleniumhq\selenium\selenium-devtools-v127\4.25.0\selenium-devtools-v127-4.25.0.jar;C:\Users\ssg22\.m2\repository\org\seleniumhq\selenium\selenium-devtools-v128\4.25.0\selenium-devtools-v128-4.25.0.jar;C:\Users\ssg22\.m2\repository\org\seleniumhq\selenium\selenium-devtools-v129\4.25.0\selenium-devtools-v129-4.25.0.jar;C:\Users\ssg22\.m2\repository\org\seleniumhq\selenium\selenium-devtools-v85\4.25.0\selenium-devtools-v85-4.25.0.jar;C:\Users\ssg22\.m2\repository\org\seleniumhq\selenium\selenium-edge-driver\4.25.0\selenium-edge-driver-4.25.0.jar;C:\Users\ssg22\.m2\repository\org\seleniumhq\selenium\selenium-firefox-driver\4.25.0\selenium-firefox-driver-4.25.0.jar;C:\Users\ssg22\.m2\repository\org\seleniumhq\selenium\selenium-http\4.25.0\selenium-http-4.25.0.jar;C:\Users\ssg22\.m2\repository\dev\failsafe\failsafe\3.3.2\failsafe-3.3.2.jar;C:\Users\ssg22\.m2\repository\org\seleniumhq\selenium\selenium-ie-driver\4.25.0\selenium-ie-driver-4.25.0.jar;C:\Users\ssg22\.m2\repository\org\seleniumhq\selenium\selenium-remote-driver\4.25.0\selenium-remote-driver-4.25.0.jar;C:\Users\ssg22\.m2\repository\io\opentelemetry\semconv\opentelemetry-semconv\1.25.0-alpha\opentelemetry-semconv-1.25.0-alpha.jar;C:\Users\ssg22\.m2\repository\io\opentelemetry\opentelemetry-api\1.42.1\opentelemetry-api-1.42.1.jar;C:\Users\ssg22\.m2\repository\io\opentelemetry\opentelemetry-context\1.42.1\opentelemetry-context-1.42.1.jar;C:\Users\ssg22\.m2\repository\io\opentelemetry\opentelemetry-exporter-logging\1.42.1\opentelemetry-exporter-logging-1.42.1.jar;C:\Users\ssg22\.m2\repository\io\opentelemetry\opentelemetry-sdk-common\1.42.1\opentelemetry-sdk-common-1.42.1.jar;C:\Users\ssg22\.m2\repository\io\opentelemetry\opentelemetry-sdk-extension-autoconfigure-spi\1.42.1\opentelemetry-sdk-extension-autoconfigure-spi-1.42.1.jar;C:\Users\ssg22\.m2\repository\io\opentelemetry\opentelemetry-sdk-extension-autoconfigure\1.42.1\opentelemetry-sdk-extension-autoconfigure-1.42.1.jar;C:\Users\ssg22\.m2\repository\io\opentelemetry\opentelemetry-api-incubator\1.42.1-alpha\opentelemetry-api-incubator-1.42.1-alpha.jar;C:\Users\ssg22\.m2\repository\io\opentelemetry\opentelemetry-sdk-trace\1.42.1\opentelemetry-sdk-trace-1.42.1.jar;C:\Users\ssg22\.m2\repository\io\opentelemetry\opentelemetry-sdk\1.42.1\opentelemetry-sdk-1.42.1.jar;C:\Users\ssg22\.m2\repository\io\opentelemetry\opentelemetry-sdk-metrics\1.42.1\opentelemetry-sdk-metrics-1.42.1.jar;C:\Users\ssg22\.m2\repository\io\opentelemetry\opentelemetry-sdk-logs\1.42.1\opentelemetry-sdk-logs-1.42.1.jar;C:\Users\ssg22\.m2\repository\net\bytebuddy\byte-buddy\1.15.1\byte-buddy-1.15.1.jar;C:\Users\ssg22\.m2\repository\org\seleniumhq\selenium\selenium-os\4.25.0\selenium-os-4.25.0.jar;C:\Users\ssg22\.m2\repository\org\apache\commons\commons-exec\1.4.0\commons-exec-1.4.0.jar;C:\Users\ssg22\.m2\repository\org\seleniumhq\selenium\selenium-safari-driver\4.25.0\selenium-safari-driver-4.25.0.jar;C:\Users\ssg22\.m2\repository\org\seleniumhq\selenium\selenium-support\4.25.0\selenium-support-4.25.0.jar;C:\Users\ssg22\.m2\repository\net\masterthought\maven-cucumber-reporting\5.8.2\maven-cucumber-reporting-5.8.2.jar;C:\Users\ssg22\.m2\repository\org\apache\commons\commons-collections4\4.4\commons-collections4-4.4.jar;C:\Users\ssg22\.m2\repository\org\apache\poi\poi\5.3.0\poi-5.3.0.jar;C:\Users\ssg22\.m2\repository\commons-codec\commons-codec\1.17.0\commons-codec-1.17.0.jar;C:\Users\ssg22\.m2\repository\org\apache\commons\commons-math3\3.6.1\commons-math3-3.6.1.jar;C:\Users\ssg22\.m2\repository\com\zaxxer\SparseBitSet\1.3\SparseBitSet-1.3.jar;C:\Users\ssg22\.m2\repository\org\apache\poi\poi-ooxml\5.3.0\poi-ooxml-5.3.0.jar;C:\Users\ssg22\.m2\repository\org\apache\commons\commons-compress\1.26.2\commons-compress-1.26.2.jar;C:\Users\ssg22\.m2\repository\com\github\virtuald\curvesapi\1.08\curvesapi-1.08.jar;C:\Users\ssg22\.m2\repository\org\apache\poi\poi-ooxml-lite\5.3.0\poi-ooxml-lite-5.3.0.jar;C:\Users\ssg22\.m2\repository\org\apache\logging\log4j\log4j-api\2.24.1\log4j-api-2.24.1.jar;C:\Users\ssg22\.m2\repository\org\webjars\npm\selenium-webdriver\4.10.0\selenium-webdriver-4.10.0.jar;C:\Users\ssg22\.m2\repository\org\webjars\npm\jszip\3.10.1\jszip-3.10.1.jar;C:\Users\ssg22\.m2\repository\org\webjars\npm\lie\3.3.0\lie-3.3.0.jar;C:\Users\ssg22\.m2\repository\org\webjars\npm\immediate\3.0.6\immediate-3.0.6.jar;C:\Users\ssg22\.m2\repository\org\webjars\npm\pako\1.0.11\pako-1.0.11.jar;C:\Users\ssg22\.m2\repository\org\webjars\npm\readable-stream\2.3.8\readable-stream-2.3.8.jar;C:\Users\ssg22\.m2\repository\org\webjars\npm\inherits\2.0.4\inherits-2.0.4.jar;C:\Users\ssg22\.m2\repository\org\webjars\npm\core-util-is\1.0.3\core-util-is-1.0.3.jar;C:\Users\ssg22\.m2\repository\org\webjars\npm\safe-buffer\5.1.2\safe-buffer-5.1.2.jar;C:\Users\ssg22\.m2\repository\org\webjars\npm\util-deprecate\1.0.2\util-deprecate-1.0.2.jar;C:\Users\ssg22\.m2\repository\org\webjars\npm\isarray\1.0.0\isarray-1.0.0.jar;C:\Users\ssg22\.m2\repository\org\webjars\npm\string_decoder\1.1.1\string_decoder-1.1.1.jar;C:\Users\ssg22\.m2\repository\org\webjars\npm\process-nextick-args\2.0.1\process-nextick-args-2.0.1.jar;C:\Users\ssg22\.m2\repository\org\webjars\npm\setimmediate\1.0.5\setimmediate-1.0.5.jar;C:\Users\ssg22\.m2\repository\org\webjars\npm\tmp\0.2.3\tmp-0.2.3.jar;C:\Users\ssg22\.m2\repository\org\webjars\npm\ws\8.18.0\ws-8.18.0.jar;C:\Users\ssg22\.m2\repository\commons-io\commons-io\2.17.0\commons-io-2.17.0.jar;C:\Users\ssg22\.m2\repository\org\testng\testng\7.10.2\testng-7.10.2.jar;C:\Users\ssg22\.m2\repository\org\slf4j\slf4j-api\1.7.36\slf4j-api-1.7.36.jar;C:\Users\ssg22\.m2\repository\com\beust\jcommander\1.82\jcommander-1.82.jar;C:\Users\ssg22\.m2\repository\org\webjars\jquery\3.7.1\jquery-3.7.1.jar;C:\Users\ssg22\.m2\repository\org\apache\maven\surefire\surefire-testng-utils\2.22.0\surefire-testng-utils-2.22.0.jar;C:\Users\ssg22\.m2\repository\org\apache\maven\surefire\surefire-grouper\2.22.0\surefire-grouper-2.22.0.jar;"/>
    <property name="sun.cpu.endian" value="little"/>
    <property name="user.home" value="C:\Users\ssg22"/>
    <property name="user.language" value="en"/>
    <property name="java.specification.vendor" value="Oracle Corporation"/>
    <property name="java.version.date" value="2024-09-17"/>
    <property name="java.home" value="C:\Program Files\Java\jdk-23"/>
    <property name="file.separator" value="\"/>
    <property name="basedir" value="C:\Users\ssg22\eclipse-workspace\PRTComareExcelWeb"/>
    <property name="java.vm.compressedOopsMode" value="Zero based"/>
    <property name="line.separator" value="&#10;"/>
    <property name="java.vm.specification.vendor" value="Oracle Corporation"/>
    <property name="java.specification.name" value="Java Platform API Specification"/>
    <property name="surefire.real.class.path" value="C:\Users\ssg22\AppData\Local\Temp\surefire1531325479155126497\surefirebooter7223982694948792581.jar"/>
    <property name="user.script" value=""/>
    <property name="sun.management.compiler" value="HotSpot 64-Bit Tiered Compilers"/>
    <property name="java.runtime.version" value="23+37-2369"/>
    <property name="user.name" value="ssg22"/>
    <property name="stdout.encoding" value="Cp1252"/>
    <property name="path.separator" value=";"/>
    <property name="os.version" value="10.0"/>
    <property name="java.runtime.name" value="Java(TM) SE Runtime Environment"/>
    <property name="file.encoding" value="UTF-8"/>
    <property name="java.vm.name" value="Java HotSpot(TM) 64-Bit Server VM"/>
    <property name="localRepository" value="C:\Users\ssg22\.m2\repository"/>
    <property name="java.vendor.url.bug" value="https://bugreport.java.com/bugreport/"/>
    <property name="java.io.tmpdir" value="C:\Users\ssg22\AppData\Local\Temp\"/>
    <property name="java.version" value="23"/>
    <property name="user.dir" value="C:\Users\ssg22\eclipse-workspace\PRTComareExcelWeb"/>
    <property name="os.arch" value="amd64"/>
    <property name="java.vm.specification.name" value="Java Virtual Machine Specification"/>
    <property name="sun.os.patch.level" value=""/>
    <property name="native.encoding" value="Cp1252"/>
    <property name="java.library.path" value="C:\Program Files\Java\jdk-23\bin;C:\windows\Sun\Java\bin;C:\windows\system32;C:\windows;C:\Program Files\Common Files\Oracle\Java\javapath;C:\Program Files (x86)\TRICENTIS\Tosca Testsuite\ToscaCommander;;C:\windows\system32;C:\windows;C:\windows\System32\Wbem;C:\windows\System32\WindowsPowerShell\v1.0\;C:\windows\System32\OpenSSH\;C:\Program Files\HP\HP One Agent;C:\Program Files\dotnet\;C:\Program Files\PowerShell\7\;C:\Program Files\Java\jdk-23\bin;C:\Program Files\apache-maven-3.9.9-bin\apache-maven-3.9.9\bin;%MAVEN_HOME%\bin;C:\Program Files\Git\cmd;C:\Program Files\Git\bin;C:\Users\ssg22\AppData\Local\Programs\Python\Python312\Scripts\;C:\Users\ssg22\AppData\Local\Programs\Python\Python312\;C:\Users\ssg22\AppData\Local\Programs\Python\Launcher\;&quot;C:\Users\ssg22\AppData\Local\Microsoft\WindowsApps;C:\Program Files\OpenSSL-Win64\bin&quot;;C:\Users\ssg22\.dotnet\tools;&quot;C:\Program Files\OpenSSL-Win64\bin;&quot;;C:\Users\ssg22\AppData\Local\Programs\Microsoft VS Code\bin;."/>
    <property name="java.vm.info" value="mixed mode, sharing"/>
    <property name="stderr.encoding" value="Cp1252"/>
    <property name="java.vendor" value="Oracle Corporation"/>
    <property name="java.vm.version" value="23+37-2369"/>
    <property name="sun.io.unicode.encoding" value="UnicodeLittle"/>
    <property name="java.class.version" value="67.0"/>
  </properties>
  <testcase name="runScenario" classname="runners.TestNGRunner" time="55.955">
    <failure message="Step [I open the Legacy file and retrieve the legacy overtime hours data for employee with EmployeeID] is defined with 1 parameters at &apos;stepDefinitions.ComparisonSteps.openLegacyFileAndRetrieveData(java.lang.String)&apos;.&#10;However, the gherkin step has 0 arguments.&#10;Step text: I open the Legacy file and retrieve the legacy overtime hours data for employee with EmployeeID" type="io.cucumber.core.exception.CucumberException">io.cucumber.core.exception.CucumberException: 
Step [I open the Legacy file and retrieve the legacy overtime hours data for employee with EmployeeID] is defined with 1 parameters at 'stepDefinitions.ComparisonSteps.openLegacyFileAndRetrieveData(java.lang.String)'.
However, the gherkin step has 0 arguments.
Step text: I open the Legacy file and retrieve the legacy overtime hours data for employee with EmployeeID
</failure>
    <system-out><![CDATA[
@Test
Scenario: Compare Overtime Hours data for employees with variance type "Not Matched" for the "Earning" component and "Overtime Pay" element                   # src/test/resources/features/PRTEarningOvertimeHours.feature:5
Project Path Is: C:\Users\ssg22\eclipse-workspace\PRTComareExcelWeb
WebDriver initialized successfully.
Project Path Is:C:\Users\ssg22\eclipse-workspace\PRTComareExcelWeb
Comparison workbook opened successfully.
  Given the comparison file is opened                                                                                                                         # stepDefinitions.ComparisonSteps.openComparisonFile()
Employee ID found: 1080
Processing employee: 1080
C:\Users\ssg22\eclipse-workspace\PRTComareExcelWeb/src/test/resources/Excel/PRTLegacyData.xlsx workbook opened successfully.
Legacy overtime hours for employee 1080: 5.0
Logged into OrangeHRM application with credentials from config.
Clicked on Attendance menu.
Timeout occurred while trying to locate overtime hours for employee: 1080
Overtime hours mismatch for employee 1080
Legacy hours: 5.0, Web hours: 0.0
Screenshot saved: C:\Users\ssg22\eclipse-workspace\PRTComareExcelWeb\screenshots\screenshot_1080.png
Comparison results updated for employee 1080
Excel file updated and saved successfully: C:\Users\ssg22\eclipse-workspace\PRTComareExcelWeb/src/test/resources/Excel/Comparison.xlsx
Logged out from OrangeHRM application.
  When I search for employee IDs with variance type "Not Matched" for the "Earning" component and "Overtime Pay" element                                      # stepDefinitions.ComparisonSteps.searchForEmployeesWithVariance(java.lang.String,java.lang.String,java.lang.String)
  And I open the Legacy file and retrieve the legacy overtime hours data for employee with EmployeeID                                                         # stepDefinitions.ComparisonSteps.openLegacyFileAndRetrieveData(java.lang.String)
      io.cucumber.core.exception.CucumberException: Step [I open the Legacy file and retrieve the legacy overtime hours data for employee with EmployeeID] is defined with 1 parameters at 'stepDefinitions.ComparisonSteps.openLegacyFileAndRetrieveData(java.lang.String)'.
However, the gherkin step has 0 arguments.
Step text: I open the Legacy file and retrieve the legacy overtime hours data for employee with EmployeeID
	at io.cucumber.core.runner.PickleStepDefinitionMatch.arityMismatch(PickleStepDefinitionMatch.java:83)
	at io.cucumber.core.runner.PickleStepDefinitionMatch.runStep(PickleStepDefinitionMatch.java:42)
	at io.cucumber.core.runner.ExecutionMode$1.execute(ExecutionMode.java:10)
	at io.cucumber.core.runner.TestStep.executeStep(TestStep.java:86)
	at io.cucumber.core.runner.TestStep.run(TestStep.java:57)
	at io.cucumber.core.runner.PickleStepTestStep.run(PickleStepTestStep.java:51)
	at io.cucumber.core.runner.TestCase.run(TestCase.java:95)
	at io.cucumber.core.runner.Runner.runPickle(Runner.java:75)
	at io.cucumber.testng.TestNGCucumberRunner.lambda$runScenario$1(TestNGCucumberRunner.java:132)
	at io.cucumber.core.runtime.CucumberExecutionContext.lambda$runTestCase$3(CucumberExecutionContext.java:110)
	at io.cucumber.core.runtime.RethrowingThrowableCollector.executeAndThrow(RethrowingThrowableCollector.java:23)
	at io.cucumber.core.runtime.CucumberExecutionContext.runTestCase(CucumberExecutionContext.java:110)
	at io.cucumber.testng.TestNGCucumberRunner.runScenario(TestNGCucumberRunner.java:129)
	at io.cucumber.testng.AbstractTestNGCucumberTests.runScenario(AbstractTestNGCucumberTests.java:35)
	at java.base/jdk.internal.reflect.DirectMethodHandleAccessor.invoke(DirectMethodHandleAccessor.java:103)
	at java.base/java.lang.reflect.Method.invoke(Method.java:580)
	at org.testng.internal.invokers.MethodInvocationHelper.invokeMethod(MethodInvocationHelper.java:141)
	at org.testng.internal.invokers.TestInvoker.invokeMethod(TestInvoker.java:686)
	at org.testng.internal.invokers.TestInvoker.invokeTestMethod(TestInvoker.java:230)
	at org.testng.internal.invokers.MethodRunner.runInSequence(MethodRunner.java:63)
	at org.testng.internal.invokers.TestInvoker$MethodInvocationAgent.invoke(TestInvoker.java:992)
	at org.testng.internal.invokers.TestInvoker.invokeTestMethods(TestInvoker.java:203)
	at org.testng.internal.invokers.TestMethodWorker.invokeTestMethods(TestMethodWorker.java:154)
	at org.testng.internal.invokers.TestMethodWorker.run(TestMethodWorker.java:134)
	at java.base/java.util.ArrayList.forEach(ArrayList.java:1597)
	at org.testng.TestRunner.privateRun(TestRunner.java:739)
	at org.testng.TestRunner.run(TestRunner.java:614)
	at org.testng.SuiteRunner.runTest(SuiteRunner.java:421)
	at org.testng.SuiteRunner.runSequentially(SuiteRunner.java:413)
	at org.testng.SuiteRunner.privateRun(SuiteRunner.java:373)
	at org.testng.SuiteRunner.run(SuiteRunner.java:312)
	at org.testng.SuiteRunnerWorker.runSuite(SuiteRunnerWorker.java:52)
	at org.testng.SuiteRunnerWorker.run(SuiteRunnerWorker.java:95)
	at org.testng.TestNG.runSuitesSequentially(TestNG.java:1274)
	at org.testng.TestNG.runSuitesLocally(TestNG.java:1208)
	at org.testng.TestNG.runSuites(TestNG.java:1112)
	at org.testng.TestNG.run(TestNG.java:1079)
	at org.apache.maven.surefire.testng.TestNGExecutor.run(TestNGExecutor.java:135)
	at org.apache.maven.surefire.testng.TestNGDirectoryTestSuite.executeSingleClass(TestNGDirectoryTestSuite.java:112)
	at org.apache.maven.surefire.testng.TestNGDirectoryTestSuite.execute(TestNGDirectoryTestSuite.java:99)
	at org.apache.maven.surefire.testng.TestNGProvider.invoke(TestNGProvider.java:146)
	at org.apache.maven.surefire.booter.ForkedBooter.invokeProviderInSameClassLoader(ForkedBooter.java:383)
	at org.apache.maven.surefire.booter.ForkedBooter.runSuitesInProcess(ForkedBooter.java:344)
	at org.apache.maven.surefire.booter.ForkedBooter.execute(ForkedBooter.java:125)
	at org.apache.maven.surefire.booter.ForkedBooter.main(ForkedBooter.java:417)

  And I log into the OrangeHRM application                                                                                                                    # stepDefinitions.ComparisonSteps.logIntoOrangeHRMApplication()
  And I locate the overtime hours data for employee with EmployeeID in the web application                                                                    # stepDefinitions.ComparisonSteps.locateOvertimeDataInWebApp(java.lang.String)
  Then I compare the overtime data between the legacy system and the web application for employee with EmployeeID                                             # stepDefinitions.ComparisonSteps.compareOvertimeData(java.lang.String)
  And I take a screenshot of the page and save it                                                                                                             # stepDefinitions.ComparisonSteps.takeScreenshot()
  And I update the "Comparison.xlsx" file with the comparison results for employee with EmployeeID in the Comment section, including the screenshot file name # stepDefinitions.ComparisonSteps.updateComparisonFile(java.lang.String,java.lang.String)
  And I log out from the OrangeHRM application                                                                                                                # stepDefinitions.ComparisonSteps.logOutFromOrangeHRM()
Browser closed.
]]></system-out>
    <system-err><![CDATA[SLF4J: Failed to load class "org.slf4j.impl.StaticLoggerBinder".
SLF4J: Defaulting to no-operation (NOP) logger implementation
SLF4J: See http://www.slf4j.org/codes.html#StaticLoggerBinder for further details.
]]></system-err>
  </testcase>
</testsuite>